4,4,1,1
4,5,1,0
4,6,1,0
4,7,1,2
4,8,1,0
4,9,1,0
4,10,1,4
5,4,2,0
5,5,2,3
5,6,2,0
5,7,2,0
5,8,2,5
5,9,2,0
5,10,2,0
6,4,3,0
6,5,3,0
6,6,3,6
6,7,3,0
6,8,3,0
6,9,3,3
6,10,3,0
7,4,1,2
7,5,1,0
7,6,1,0
7,7,1,5
7,8,1,0
7,9,1,0
7,10,1,1
8,4,2,0
8,5,2,0
8,6,2,4
8,7,2,0
8,8,2,0
8,9,2,2
8,10,2,0
9,4,3,0
9,5,3,2
9,6,3,0
9,7,3,0
9,8,3,2
9,9,3,0
9,10,3,0
10,4,1,4
10,5,1,0
10,6,1,0
10,7,1,6
10,8,1,0
10,9,1,0
10,10,1,5
11,4,2,0
11,5,2,0
11,6,2,4
11,7,2,0
11,8,2,0
11,9,2,4
11,10,2,0
12,4,3,0
12,5,3,0
12,6,3,1
12,7,3,0
12,8,3,0
12,9,3,3
12,10,3,0
13,4,1,0
13,5,1,6
13,6,1,0
13,7,1,0
13,8,1,6
13,9,1,0
13,10,1,0
14,4,2,2
14,5,2,0
14,6,2,0
14,7,2,3
14,8,2,0
14,9,2,0
14,10,2,6
15,4,3,0
15,5,3,0
15,6,3,4
15,7,3,0
15,8,3,0
15,9,3,5
15,10,3,0