1,4,1,5
1,5,1,0
1,6,1,0
1,7,1,1
1,8,1,0
1,9,1,2
1,10,1,2
1,11,1,0
1,12,1,0
1,13,1,3
1,14,1,3
1,15,1,0
1,16,1,4
1,17,1,0
1,18,1,4
1,19,1,5
2,19,1,0
3,19,1,2
4,19,1,6
5,19,1,0
6,19,1,1
7,19,1,5
8,19,1,0
9,19,1,0
10,19,1,4
11,19,1,2
12,19,1,0
13,19,1,3
14,19,1,0
15,19,1,0
16,19,1,2
1,20,4,2
2,20,4,0
3,20,4,2
4,20,4,3
5,20,4,0
6,20,4,0
7,20,4,2
8,20,4,0
9,20,4,2
10,20,4,3
11,20,4,0
12,20,4,1
13,20,4,2
14,20,4,0
15,20,4,0
16,20,4,3
17,20,4,0
2,5,1,0
3,6,1,5
4,7,1,0
5,8,1,0
6,9,1,5
7,10,1,0
8,11,1,5
9,12,1,1
10,13,1,0
11,14,1,5
12,15,1,2
13,16,1,0
14,17,1,0
15,18,1,2
16,19,1,0
3,8,2,0
3,9,2,3
3,10,2,0
3,11,2,6
3,12,2,4
3,13,2,0
3,14,2,0
3,15,2,4
3,16,2,6
3,17,2,0
4,17,2,5
5,17,2,0
6,17,2,6
7,17,2,1
8,17,2,0
9,17,2,0
10,17,2,3
11,17,2,0
12,17,2,0
4,9,2,6
5,10,2,0
6,11,2,0
7,12,2,6
8,13,2,0
9,14,2,0
10,15,2,4
11,16,2,0
5,12,3,0
5,13,3,2
5,14,3,0
5,15,3,0
6,13,3,2
6,14,3,0
6,15,3,0
7,14,3,2
7,15,3,0
8,15,3,0