3,3,1,2
4,3,1,0
5,3,1,0
6,3,1,3
7,3,1,0
8,3,1,0
9,3,1,4
10,3,1,0
11,3,1,0
12,3,1,5
13,3,1,0
14,3,1,0
15,3,1,6
16,3,1,0
16,4,1,0
16,5,1,6
16,6,1,0
16,7,1,0
16,8,1,6
16,9,1,0
16,10,1,0
16,11,1,6
3,11,1,0
4,11,1,1
5,11,1,4
6,11,1,0
7,11,1,2
8,11,1,6
9,11,1,0
10,11,1,2
11,11,1,5
12,11,1,0
13,11,1,0
14,11,1,4
15,11,1,0
3,4,1,0
3,5,1,4
3,6,1,0
3,7,1,0
3,8,1,2
3,9,1,0
3,10,1,3
7,5,4,3
8,5,4,4
9,5,4,0
10,5,4,1
11,5,4,3
12,5,4,0
12,6,4,1
12,7,4,2
12,8,4,0
12,9,4,1
11,9,4,0
10,9,4,0
9,9,4,2
8,9,4,0
7,9,4,2
7,8,4,3
7,7,4,0
7,6,4,4
8,6,2,0
8,7,2,1
8,8,2,2
9,6,2,0
9,7,2,5
9,8,2,5
10,6,2,3
10,7,2,0
10,8,2,5
11,6,2,4
11,7,2,0
11,8,2,5
9,4,3,0
10,4,3,0
9,10,3,5
10,10,3,0
4,7,3,0
5,7,3,1
6,7,3,0
13,7,3,0
14,7,3,3
15,7,3,0