6,5,7,0
6,6,7,0
6,7,7,0
6,8,7,0
6,9,7,0
6,10,7,0
6,11,7,0
6,12,7,0
6,13,7,0
6,14,7,0
6,15,7,0
6,16,7,0
6,17,7,0
6,18,7,0
6,19,7,0
6,20,7,0
7,20,7,0
8,20,7,0
9,20,7,0
10,20,7,0
11,20,7,0
12,20,7,0
13,5,7,0
13,6,7,0
13,7,7,0
13,8,7,0
13,9,7,0
13,10,7,0
13,11,7,0
13,12,7,0
13,13,7,0
13,14,7,0
13,15,7,0
13,16,7,0
13,17,7,0
13,18,7,0
13,19,7,0
13,20,7,0
7,5,6,5
8,5,6,0
9,5,6,5
10,5,6,0
11,5,6,5
12,5,6,0
7,7,5,0
8,7,5,2
9,7,5,0
10,7,5,2
11,7,5,0
12,7,5,2
7,9,4,3
8,9,4,0
9,9,4,4
10,9,4,0
11,9,4,3
12,9,4,0
7,11,3,0
8,11,3,0
9,11,3,0
10,11,3,0
11,11,3,0
12,11,3,0
7,13,2,6
8,13,2,2
9,13,2,0
10,13,2,6
11,13,2,5
12,13,2,0
7,15,1,2
8,15,1,4
9,15,1,0
10,15,1,6
11,15,1,4
12,15,1,0
7,17,3,0
8,17,3,2
9,17,3,0
10,17,3,0
11,17,3,4
12,17,3,2
7,19,2,0
8,19,2,1
9,19,2,0
10,19,2,1
11,19,2,5
12,19,2,1