1,1,1,1
1,2,1,0
1,3,1,4
1,4,1,2
2,1,1,0
2,2,1,3
2,3,1,3
3,1,1,0
3,2,1,0
4,1,1,4
1,17,1,5
1,18,1,0
1,19,1,5
1,20,1,0
2,18,1,2
2,19,1,6
2,20,1,0
3,19,1,0
3,20,1,5
4,20,1,1
15,1,1,0
16,1,1,4
16,2,1,0
17,1,1,0
17,2,1,3
17,3,1,2
18,1,1,0
18,2,1,2
18,3,1,0
18,4,1,3
18,17,1,1
18,18,1,0
18,19,1,5
18,20,1,2
17,18,1,0
17,19,1,4
17,20,1,3
16,19,1,0
16,20,1,3
15,20,1,4
9,10,7,0
10,10,7,2
9,11,7,5
10,11,7,0
7,8,4,0
8,8,4,6
9,8,4,0
10,8,4,5
11,8,4,1
12,8,4,0
12,9,4,0
12,10,4,2
12,11,4,0
12,12,4,0
12,13,4,2
11,13,4,0
10,13,4,0
9,13,4,3
8,13,4,0
7,13,4,2
7,12,4,2
7,11,4,0
7,10,4,0
7,9,4,4
5,6,3,0
6,6,3,0
7,6,3,4
8,6,3,0
9,6,3,0
10,6,3,5
11,6,3,0
12,6,3,0
13,6,3,6
14,6,3,0
14,7,3,0
14,8,3,6
14,9,3,0
14,10,3,0
14,11,3,3
14,12,3,0
14,13,3,0
14,14,3,4
14,15,3,2
13,15,3,0
12,15,3,5
11,15,3,0
10,15,3,0
9,15,3,6
8,15,3,0
7,15,3,0
6,15,3,6
5,15,3,0
5,14,3,3
5,13,3,4
5,12,3,0
5,11,3,3
5,10,3,1
5,9,3,0
5,8,3,0
5,7,3,3