9,13,7,0
9,14,7,0
9,15,7,0
9,16,7,0
9,17,7,0
10,13,7,0
10,14,7,0
10,15,7,0
10,16,7,0
10,17,7,0
9,3,4,1
8,4,4,0
7,5,4,0
6,6,4,1
5,7,4,0
7,6,4,0
8,6,4,2
9,6,4,0
10,6,4,0
11,6,4,2
12,6,4,0
10,3,4,0
11,4,4,2
12,5,4,0
13,6,4,0
14,7,4,5
7,9,1,0
8,9,1,0
7,10,1,5
8,10,1,0
11,9,1,0
12,9,1,5
11,10,1,0
12,10,1,0
6,7,2,6
6,8,2,0
6,9,2,0
6,10,2,6
6,11,2,0
6,12,2,0
6,13,2,4
6,14,2,5
6,15,2,0
6,16,2,3
6,17,2,3
13,7,2,0
13,8,2,2
13,9,2,5
13,10,2,0
13,11,2,3
13,12,2,5
13,13,2,0
13,14,2,4
13,15,2,0
13,16,2,0
13,17,2,5
7,17,2,6
8,17,2,0
11,17,2,5
12,17,2,0
5,12,4,6
4,13,4,6
3,14,4,0
4,14,4,6
5,14,4,4
4,15,3,0
4,16,3,4
4,17,3,2
5,15,3,0
5,16,3,3
5,17,3,1
14,12,4,0
15,13,4,2
16,14,4,1
15,14,4,0
14,14,4,1
14,15,3,3
14,16,3,0
14,17,3,2
15,15,3,4
15,16,3,0
15,17,3,3