5,7,7,0
5,6,6,1
5,8,6,1
4,7,6,2
6,7,6,2
5,4,1,0
6,5,1,0
7,6,1,0
8,7,1,5
7,8,1,5
6,9,1,0
5,10,1,0
4,9,1,3
3,8,1,0
2,7,1,2
3,6,1,0
4,5,1,4
5,17,7,0
4,17,6,3
6,17,6,3
5,16,6,4
5,18,6,4
5,14,2,0
6,15,2,2
7,16,2,0
8,17,2,0
7,18,2,4
6,19,2,0
5,20,2,3
4,19,2,0
3,18,2,6
2,17,2,0
3,16,2,0
4,15,2,0
14,7,7,0
14,6,6,5
14,8,6,5
13,7,6,6
15,7,6,6
14,4,2,0
15,5,2,0
16,6,2,4
17,7,2,0
16,8,2,0
15,9,2,0
14,10,2,0
13,9,2,0
12,8,2,3
11,7,2,0
12,6,2,0
13,5,2,0
14,17,7,0
13,17,6,1
15,17,6,2
14,16,6,3
14,18,6,4
14,14,1,0
15,15,1,0
16,16,1,5
17,17,1,4
16,18,1,0
15,19,1,5
14,20,1,0
13,19,1,2
12,18,1,0
11,17,1,2
12,16,1,0
13,15,1,2