5,2,3,2
5,3,3,0
5,4,3,0
5,5,3,5
5,6,3,0
5,7,3,0
5,8,3,2
5,9,3,0
5,10,3,0
5,11,3,2
5,12,3,0
5,13,3,0
5,14,3,2
5,15,3,0
5,16,3,0
5,17,3,5
5,20,3,0
6,20,3,0
7,20,3,5
8,20,3,0
9,20,3,0
10,20,3,2
11,20,3,0
12,20,3,0
13,20,3,5
14,20,3,0
14,2,3,0
14,3,3,2
14,4,3,0
14,5,3,0
14,6,3,2
14,7,3,0
14,8,3,0
14,9,3,2
14,10,3,0
14,11,3,0
14,12,3,2
14,13,3,0
14,14,3,0
14,15,3,5
14,16,3,3
14,17,3,0
14,20,3,2
6,2,3,2
7,2,3,0
8,2,3,1
9,2,3,0
10,2,3,0
11,2,3,1
12,2,3,0
13,2,3,0
7,7,3,1
7,8,3,0
7,9,3,0
7,10,3,1
8,7,3,5
8,8,3,0
8,9,3,6
8,10,3,3
11,7,3,0
11,8,3,6
11,9,3,0
11,10,3,0
12,7,3,6
12,8,3,0
12,9,3,0
12,10,3,6
9,11,3,0
9,12,3,0
9,13,3,3
9,14,3,0
10,11,3,0
10,12,3,3
10,13,3,0
10,14,3,0
8,12,3,4
8,13,3,4
8,14,3,0
8,15,3,4
11,12,3,0
11,13,3,0
11,14,3,2
11,15,3,0
5,18,3,0
5,19,3,2
14,18,3,0
14,19,3,3
5,21,7,5
6,21,7,0
7,21,7,0
8,21,7,1
9,21,7,1
10,21,7,0
11,21,7,3
12,21,7,2
13,21,7,0
14,21,7,4