8,4,1,1
9,4,1,0
10,4,1,0
11,4,1,1
12,5,1,2
12,6,1,0
12,7,1,1
12,8,1,0
12,9,1,4
12,10,1,1
8,11,1,0
9,11,1,0
10,11,1,6
11,11,1,0
7,5,1,0
7,6,1,6
7,7,1,0
7,8,1,3
7,9,1,6
7,10,1,0
12,12,1,0
12,13,1,2
12,14,1,0
12,15,1,0
12,16,1,4
8,17,1,0
9,17,1,0
10,17,1,3
11,17,1,0
8,1,4,0
9,1,4,5
10,1,4,0
11,1,4,0
12,2,4,1
13,3,4,0
14,4,4,0
14,5,4,0
14,6,4,3
14,7,4,0
14,8,4,0
14,9,4,3
14,10,4,0
14,11,4,5
14,12,4,0
14,13,4,0
14,14,4,5
14,15,4,0
14,16,4,0
14,17,4,5
13,18,4,0
12,19,4,0
8,20,4,4
9,20,4,0
10,20,4,0
11,20,4,3
7,19,4,0
6,18,4,0
5,4,4,4
5,5,4,0
5,6,4,0
5,7,4,5
5,8,4,0
5,9,4,0
5,10,4,6
5,11,4,0
5,12,4,0
5,13,4,6
5,14,4,0
5,15,4,0
5,16,4,6
5,17,4,0
6,3,4,0
7,2,4,2
7,16,1,0