10,11,7,1
17,18,4,0
18,18,2,0
18,17,2,2
18,16,2,0
18,15,2,0
18,14,2,3
18,13,2,0
18,12,2,0
18,11,2,4
18,10,2,0
18,9,2,0
18,8,2,5
18,7,2,0
18,6,2,0
18,5,2,6
18,4,2,0
17,4,2,0
16,4,2,6
15,4,2,0
14,4,2,0
13,4,2,5
12,4,2,0
11,4,2,0
10,4,2,5
9,4,2,0
8,4,2,0
7,4,2,4
6,4,2,0
5,4,2,0
4,4,2,3
3,4,2,0
3,18,2,0
3,17,2,1
3,16,2,0
3,15,2,0
3,14,2,2
3,13,2,0
3,12,2,0
3,11,2,3
3,10,2,0
3,9,2,0
3,8,2,4
3,7,2,0
3,6,2,0
3,5,2,3
3,18,2,0
4,18,2,0
5,18,2,2
6,18,2,0
7,18,2,0
8,18,2,4
9,18,2,0
10,18,2,0
11,18,2,6
12,18,2,0
13,18,2,0
14,18,2,2
15,18,2,0
16,18,2,0
16,18,2,5
16,17,2,0
16,16,2,0
16,15,2,1
16,14,2,0
16,13,2,0
16,12,2,1
16,11,2,0
16,10,2,0
16,9,2,3
16,8,2,0
16,7,2,0
16,6,2,2
15,6,2,0
14,6,2,0
13,6,2,4
12,6,2,0
11,6,2,0
10,6,2,3
9,6,2,0
8,6,2,0
7,6,2,6
6,6,2,0
5,6,2,0
5,7,2,4
5,8,2,0
5,9,2,0
5,10,2,2
5,11,2,0
5,12,2,0
5,13,2,4
5,14,2,0
5,15,2,0
5,16,2,3
6,16,2,0
7,16,2,0
8,16,2,5
9,16,2,0
10,16,2,0
11,16,2,1
12,16,2,0
13,16,2,0
14,16,2,2
14,15,2,0
14,14,2,0
14,13,2,6
14,12,2,0
14,11,2,0
14,10,2,6
14,9,2,0
14,8,2,0
13,8,2,5
12,8,2,0
11,8,2,0
10,8,2,4
9,8,2,0
8,8,2,0
7,8,2,3
7,9,2,0
7,10,2,0
7,11,2,2
7,12,2,0
7,13,2,0
7,14,2,3
8,14,2,0
9,14,2,0
10,14,2,4
11,14,2,0
12,14,2,0
12,13,2,5
12,12,2,0
12,11,2,0
12,10,2,1
11,10,2,0
10,10,2,0
9,10,2,1
9,11,2,0
9,12,2,0
10,12,2,3