9,20,6,1
9,19,6,0
10,20,6,3
10,19,6,0
1,19,7,2
1,20,7,0
2,19,7,0
2,20,7,2
3,19,7,0
3,20,7,0
4,19,7,0
4,20,7,1
5,19,7,0
5,20,7,0
6,19,7,0
6,20,7,1
7,19,7,0
7,20,7,0
8,19,7,0
8,20,7,2
11,19,7,0
11,20,7,0
12,19,7,0
12,20,7,0
13,19,7,2
13,20,7,0
14,19,7,0
14,20,7,1
15,19,7,0
15,20,7,0
16,19,7,2
16,20,7,0
17,19,7,0
17,20,7,0
18,19,7,6
18,20,7,0
1,1,1,0
1,2,1,1
1,3,1,0
1,4,1,0
1,5,1,0
1,6,1,2
1,7,1,0
1,8,1,0
1,9,1,0
1,10,1,2
1,11,1,0
1,12,1,0
1,13,1,0
1,14,1,2
1,15,1,0
1,16,1,0
1,17,1,0
1,18,1,1
2,18,1,0
3,18,1,0
4,18,1,0
5,18,1,1
6,18,1,0
7,18,1,0
8,18,1,0
9,18,1,5
10,18,1,1
11,18,1,0
12,18,1,0
13,18,1,0
14,18,1,0
15,18,1,1
16,18,1,0
17,18,1,0
18,1,1,0
18,2,1,0
18,3,1,1
18,4,1,0
18,5,1,0
18,6,1,5
18,7,1,0
18,8,1,1
18,9,1,0
18,10,1,0
18,11,1,0
18,12,1,0
18,13,1,1
18,14,1,0
18,15,1,0
18,16,1,5
18,17,1,0
18,18,1,6
2,1,1,0
3,1,1,0
4,1,1,0
5,1,1,0
6,1,1,1
7,1,1,0
8,1,1,0
9,1,1,0
10,1,1,6
11,1,1,0
12,1,1,0
13,1,1,2
14,1,1,0
15,1,1,0
16,1,1,0
17,1,1,2
4,4,2,0
4,5,2,0
4,6,2,0
4,7,2,2
4,12,2,0
4,13,2,0
4,14,2,0
4,15,2,1
5,15,2,0
6,15,2,0
7,15,2,0
12,15,2,0
13,15,2,0
14,15,2,0
15,15,2,1
15,14,2,0
15,13,2,0
15,12,2,0
15,7,2,0
15,6,2,1
15,5,2,0
15,4,2,0
14,4,2,0
13,4,2,0
12,4,2,0
7,4,2,1
6,4,2,0
5,4,2,0
4,4,2,0
7,7,3,0
7,8,3,1
7,9,3,0
7,10,3,0
7,11,3,0
7,12,3,0
8,12,3,3
9,12,3,0
10,12,3,0
11,12,3,0
12,12,3,4
8,7,3,0
9,7,3,0
10,7,3,4
11,7,3,0
12,7,3,0
12,8,3,5
12,9,3,0
12,10,3,0
12,11,3,0
8,8,3,0
11,11,3,5
11,8,3,0
8,11,3,0
9,9,4,5
10,10,4,0
9,10,4,0
10,9,4,5