4,5,4,1
5,5,4,0
6,5,4,0
7,5,4,1
8,5,4,0
9,5,4,0
10,5,4,5
11,5,4,0
12,5,4,0
13,5,4,5
14,5,4,0
15,5,4,0
4,6,7,5
5,6,1,0
6,6,2,0
7,6,3,1
8,6,4,0
9,6,3,0
10,6,2,1
11,6,1,0
12,6,2,0
13,6,3,1
14,6,1,0
15,6,7,0
15,7,7,0
15,8,7,0
15,9,7,0
15,10,7,0
15,11,7,0
15,12,7,0
15,13,7,0
15,14,7,0
15,15,7,0
15,16,7,0
15,17,7,0
15,18,7,0
15,19,7,0
15,20,4,0
4,7,7,0
4,8,7,0
4,9,7,0
4,10,7,0
4,11,4,0
5,11,4,0
6,11,4,0
6,12,7,0
6,13,7,0
6,14,4,0
7,14,4,0
8,14,4,0
9,14,4,0
9,15,7,0
9,16,7,0
9,17,4,0
10,17,4,0
11,17,4,0
12,17,4,0
12,18,7,0
12,19,7,0
12,20,4,0
5,7,1,0
5,8,1,6
5,9,1,0
5,10,1,0
6,7,2,6
6,8,2,0
6,9,2,0
6,10,2,4
7,7,3,0
7,8,3,0
7,9,3,3
7,10,3,0
7,11,3,2
7,12,3,1
7,13,3,0
8,7,4,0
8,8,4,5
8,9,4,0
8,10,4,0
8,11,4,6
8,12,4,0
8,13,4,0
9,7,3,4
9,8,3,0
9,9,3,0
9,10,3,0
9,11,3,3
9,12,3,0
9,13,3,0
10,7,2,4
10,8,2,0
10,9,2,0
10,10,2,2
10,11,2,0
10,12,2,0
10,13,2,1
10,14,2,0
10,15,2,0
10,16,2,2
11,7,1,0
11,8,1,0
11,9,1,1
11,10,1,0
11,11,1,0
11,12,1,5
11,13,1,0
11,14,1,0
11,15,1,4
11,16,1,0
12,7,2,0
12,8,2,5
12,9,2,0
12,10,2,0
12,11,2,6
12,12,2,0
12,13,2,0
12,14,2,6
12,15,2,0
12,16,2,0
13,7,3,5
13,8,3,0
13,9,3,4
13,10,3,4
13,11,3,0
13,12,3,0
13,13,3,3
13,14,3,2
13,15,3,0
13,16,3,1
13,17,3,0
13,18,3,0
13,19,3,3
13,20,3,0
14,7,1,0
14,8,1,4
14,9,1,0
14,10,1,0
14,11,1,2
14,12,1,0
14,13,1,3
14,14,1,2
14,15,1,0
14,16,1,0
14,17,1,2
14,18,1,0
14,19,1,0
14,20,1,1