5,11,4,1
6,11,4,0
7,11,4,0
8,11,4,2
9,11,4,0
10,11,4,0
11,11,4,3
12,11,4,0
13,11,4,0
14,11,4,4
8,12,4,0
8,13,4,0
8,14,4,5
8,15,4,0
8,16,4,0
8,17,4,6
11,12,4,0
11,13,4,0
11,14,4,6
11,15,4,0
11,16,4,0
11,17,4,5
6,10,1,0
7,10,1,0
8,10,1,4
9,10,1,0
10,10,1,0
11,10,1,3
12,10,1,5
13,10,1,0
7,9,2,2
8,9,2,0
9,9,2,0
10,9,2,1
11,9,2,0
12,9,2,4
8,8,3,2
9,8,3,0
10,8,3,0
11,8,3,3
9,7,7,0
10,7,7,0
7,6,3,4
8,6,3,0
9,6,3,0
10,6,3,2
11,6,3,0
12,6,3,3
8,5,2,1
9,5,2,0
10,5,2,0
11,5,2,5
9,4,1,0
10,4,1,0
1,7,6,6
2,7,6,0
3,7,6,0
4,7,6,2
5,7,6,0
2,8,6,0
2,9,6,3
4,8,6,0
4,9,6,3
2,6,1,4
4,6,1,0
3,6,1,0
3,5,7,0
14,7,6,0
15,7,6,0
16,7,6,5
17,7,6,0
18,7,6,0
15,8,6,6
15,9,6,0
17,8,6,0
17,9,6,6
15,6,1,2
17,6,1,0
16,6,1,3
16,5,7,0