1,1,1,6
2,1,1,0
3,1,1,2
4,1,1,5
5,1,1,0
6,1,1,1
7,1,1,4
8,1,1,0
9,1,1,0
10,1,1,3
11,1,1,1
12,1,1,0
13,1,1,2
14,1,1,0
15,1,1,1
16,1,1,1
17,1,1,0
18,1,1,3
9,2,2,2
9,3,2,0
9,4,2,5
9,5,2,3
9,6,2,0
9,7,2,0
10,2,2,4
10,3,2,0
10,4,2,0
10,5,2,5
10,6,2,0
10,7,2,0
8,8,3,6
9,8,3,0
10,8,3,0
11,8,3,2
8,20,3,0
9,20,3,0
10,20,3,1
11,20,3,0
12,9,3,0
13,10,3,3
13,11,3,0
13,12,3,0
13,13,3,5
13,14,3,0
13,15,3,0
13,16,3,4
13,17,3,0
13,18,3,0
7,9,3,3
6,10,3,0
6,11,3,0
6,12,3,4
6,13,3,0
6,14,3,6
6,15,3,2
6,16,3,0
6,17,3,4
6,18,3,1
12,19,3,0
7,19,3,0
7,11,4,3
8,12,4,0
11,16,4,0
12,17,4,5
12,11,4,0
11,12,4,0
8,16,4,4
7,17,4,0
9,13,7,0
9,14,7,3
9,15,7,0
10,13,7,0
10,14,7,6
10,15,7,0