7,1,1,1
8,1,1,0
9,1,1,0
10,1,1,2
11,1,1,0
12,1,1,0
7,20,1,3
8,20,1,0
9,20,1,0
10,20,1,4
11,20,1,0
12,20,1,0
13,2,1,5
14,3,1,0
15,4,1,0
15,5,1,6
15,6,1,0
15,7,1,0
15,8,1,5
15,9,1,0
15,10,1,0
15,11,1,4
15,12,1,0
15,13,1,0
15,14,1,3
15,15,1,0
15,16,1,0
15,17,1,2
4,4,1,0
4,5,1,0
4,6,1,1
4,7,1,0
4,8,1,0
4,9,1,1
4,10,1,0
4,11,1,0
4,12,1,2
4,13,1,0
4,14,1,0
4,15,1,3
4,16,1,0
4,17,1,0
6,2,1,4
5,3,1,0
5,18,1,0
6,19,1,5
14,18,1,0
13,19,1,0
12,5,2,5
12,6,2,5
13,5,2,5
13,6,2,5
6,14,3,3
6,15,3,3
7,14,3,3
7,15,3,3
10,2,4,0
11,2,4,0
12,2,4,0
9,3,4,0
8,4,4,5
7,5,4,0
7,6,4,0
7,7,4,2
7,8,4,0
8,9,4,0
9,10,4,1
10,11,4,0
11,12,4,0
12,13,4,2
12,14,4,0
12,15,4,0
12,16,4,4
11,17,4,0
10,18,4,0
9,19,4,5
8,19,4,0
7,19,4,6